	[12/Mar/13 06:43:20][AUDIT][rbckp7veb9r6060d4mgd8s23s1][GUI]
		Login for 'devasis' from '122.160.150.82' succeeded
[<<][4f5eec882db5e874762000][DEFAULT][/login.php][12/Mar/13 06:43:20][12/Mar/13 06:43:20][took 0.012772 secs]
[<<][4f5eec88d1c98339556192][DEFAULT][/index.php][12/Mar/13 06:43:20][12/Mar/13 06:43:20][took 0.014434 secs]
[<<][4f5eec894eca6363689247][DEFAULT][/lib/general/navBar.php][12/Mar/13 06:43:21][12/Mar/13 06:43:21][took 0.023307 secs]
[>>][4f5eec8954960126506254][DEFAULT][/lib/general/navBar.php][12/Mar/13 06:43:21]
[<<][4f5eec8954960126506254][DEFAULT][/lib/general/navBar.php][12/Mar/13 06:43:21][12/Mar/13 06:43:21][took 0.019248 secs]
[<<][4f5eec899d92f860848441][DEFAULT][/lib/general/mainPage.php][12/Mar/13 06:43:21][12/Mar/13 06:43:21][took 0.035644 secs]
[>>][4f5eec89a6620576473873][DEFAULT][/lib/general/mainPage.php][12/Mar/13 06:43:21]
[<<][4f5eec89a6620576473873][DEFAULT][/lib/general/mainPage.php][12/Mar/13 06:43:21][12/Mar/13 06:43:21][took 0.063768 secs]
[<<][4f5eec9b78ad5214148560][DEFAULT][/lib/general/frmWorkArea.php][12/Mar/13 06:43:39][12/Mar/13 06:43:39][took 0.135034 secs]
[>>][4f5eec9b99be8992965576][DEFAULT][/lib/general/frmWorkArea.php][12/Mar/13 06:43:39]
[<<][4f5eec9b99be8992965576][DEFAULT][/lib/general/frmWorkArea.php][12/Mar/13 06:43:39][12/Mar/13 06:43:39][took 0.009549 secs]
[<<][4f5eec9c1485c086066023][DEFAULT][/lib/testcases/listTestCases.php][12/Mar/13 06:43:40][12/Mar/13 06:43:40][took 0.035682 secs]
[>>][4f5eec9c1d54a864338766][DEFAULT][/lib/testcases/listTestCases.php][12/Mar/13 06:43:40]
[<<][4f5eec9c1d54a864338766][DEFAULT][/lib/testcases/listTestCases.php][12/Mar/13 06:43:40][12/Mar/13 06:43:40][took 0.117109 secs]
[<<][4f5eec9c16cc2851532681][DEFAULT][/lib/general/staticPage.php][12/Mar/13 06:43:40][12/Mar/13 06:43:40][took 0.156032 secs]
[>>][4f5eec9c3d014615276562][DEFAULT][/lib/general/staticPage.php][12/Mar/13 06:43:40]
[<<][4f5eec9c3d014615276562][DEFAULT][/lib/general/staticPage.php][12/Mar/13 06:43:40][12/Mar/13 06:43:40][took 0.008382 secs]
[<<][4f5eec9e01054247954518][DEFAULT][/lib/ajax/gettprojectnodes.php][12/Mar/13 06:43:42][12/Mar/13 06:43:42][took 0.01965 secs]
[>>][4f5eec9e05ead463360949][DEFAULT][/lib/ajax/gettprojectnodes.php][12/Mar/13 06:43:42]
[<<][4f5eec9e05ead463360949][DEFAULT][/lib/ajax/gettprojectnodes.php][12/Mar/13 06:43:42][12/Mar/13 06:43:42][took 0.010791 secs]
	[12/Mar/19 16:02:57][AUDIT][b66ljllnobmi6ngsjumg8f7rh5][GUI]
		Login for 'devasis' from '122.176.172.191' succeeded
[<<][4f6758b186a37299996593][DEFAULT][/login.php][12/Mar/19 16:02:57][12/Mar/19 16:02:57][took 0.024847 secs]
[<<][4f6758b2461eb483109741][DEFAULT][/index.php][12/Mar/19 16:02:58][12/Mar/19 16:02:58][took 0.013881 secs]
[<<][4f6758b2ccb9d500104092][DEFAULT][/lib/general/navBar.php][12/Mar/19 16:02:58][12/Mar/19 16:02:58][took 0.031959 secs]
[>>][4f6758b2d4a0b791407079][DEFAULT][/lib/general/navBar.php][12/Mar/19 16:02:58]
[<<][4f6758b2d4a0b791407079][DEFAULT][/lib/general/navBar.php][12/Mar/19 16:02:58][12/Mar/19 16:02:58][took 0.056051 secs]
[<<][4f6758b2cf31b278407038][DEFAULT][/lib/general/mainPage.php][12/Mar/19 16:02:58][12/Mar/19 16:02:58][took 0.089741 secs]
[>>][4f6758b2e5360127601458][DEFAULT][/lib/general/mainPage.php][12/Mar/19 16:02:58]
[<<][4f6758b2e5360127601458][DEFAULT][/lib/general/mainPage.php][12/Mar/19 16:02:58][12/Mar/19 16:02:58][took 0.063486 secs]
	[12/Mar/19 16:55:39][AUDIT][b66ljllnobmi6ngsjumg8f7rh5][GUI]
		Login for 'devasis' from '122.176.172.191' succeeded
[<<][4f67650b47749681048863][DEFAULT][/login.php][12/Mar/19 16:55:39][12/Mar/19 16:55:39][took 0.0093 secs]
[<<][4f67650bcff0a740529125][DEFAULT][/index.php][12/Mar/19 16:55:39][12/Mar/19 16:55:39][took 0.013052 secs]
[<<][4f67650c4803a287980992][DEFAULT][/lib/general/navBar.php][12/Mar/19 16:55:40][12/Mar/19 16:55:40][took 0.044496 secs]
[>>][4f67650c52ffd579184588][DEFAULT][/lib/general/navBar.php][12/Mar/19 16:55:40]
[<<][4f67650c52ffd579184588][DEFAULT][/lib/general/navBar.php][12/Mar/19 16:55:40][12/Mar/19 16:55:40][took 0.047924 secs]
[<<][4f67650c8e2ae671826555][DEFAULT][/lib/general/mainPage.php][12/Mar/19 16:55:40][12/Mar/19 16:55:40][took 0.019804 secs]
[>>][4f67650c931b6337906646][DEFAULT][/lib/general/mainPage.php][12/Mar/19 16:55:40]
[<<][4f67650c931b6337906646][DEFAULT][/lib/general/mainPage.php][12/Mar/19 16:55:40][12/Mar/19 16:55:40][took 0.027884 secs]
[<<][4f676554099d5248260724][DEFAULT][/logout.php][12/Mar/19 16:56:52][12/Mar/19 16:56:52][took 0.019472 secs]
[>>][4f6765540e76f840976734][DEFAULT][/logout.php][12/Mar/19 16:56:52]
	[12/Mar/19 16:56:52][AUDIT][b66ljllnobmi6ngsjumg8f7rh5][GUI]
		Logout of 'devasis'
	[12/Mar/19 16:57:10][AUDIT][b66ljllnobmi6ngsjumg8f7rh5][GUI]
		Login for 'devasis' from '122.176.172.191' succeeded
[<<][4f6765665f155453226360][DEFAULT][/login.php][12/Mar/19 16:57:10][12/Mar/19 16:57:10][took 0.008694 secs]
[<<][4f676566d8763045256011][DEFAULT][/index.php][12/Mar/19 16:57:10][12/Mar/19 16:57:10][took 0.014038 secs]
[<<][4f6765674a4de124108227][DEFAULT][/lib/general/navBar.php][12/Mar/19 16:57:11][12/Mar/19 16:57:11][took 0.092118 secs]
[>>][4f67656760e72612636205][DEFAULT][/lib/general/navBar.php][12/Mar/19 16:57:11]
[<<][4f67656760e72612636205][DEFAULT][/lib/general/navBar.php][12/Mar/19 16:57:11][12/Mar/19 16:57:11][took 0.076351 secs]
[<<][4f6765674bf99893604826][DEFAULT][/lib/general/mainPage.php][12/Mar/19 16:57:11][12/Mar/19 16:57:11][took 0.173467 secs]
[>>][4f676567766f4148621363][DEFAULT][/lib/general/mainPage.php][12/Mar/19 16:57:11]
[<<][4f676567766f4148621363][DEFAULT][/lib/general/mainPage.php][12/Mar/19 16:57:11][12/Mar/19 16:57:11][took 0.031587 secs]
[<<][4f6765717063b217743748][DEFAULT][/lib/general/frmWorkArea.php][12/Mar/19 16:57:21][12/Mar/19 16:57:21][took 0.020348 secs]
[>>][4f6765717574b575060972][DEFAULT][/lib/general/frmWorkArea.php][12/Mar/19 16:57:21]
[<<][4f6765717574b575060972][DEFAULT][/lib/general/frmWorkArea.php][12/Mar/19 16:57:21][12/Mar/19 16:57:21][took 0.015971 secs]
[<<][4f676571e1ce6048374980][DEFAULT][/lib/execute/execNavigator.php][12/Mar/19 16:57:21][12/Mar/19 16:57:21][took 0.033739 secs]
[>>][4f676571ea283941131694][DEFAULT][/lib/execute/execNavigator.php][12/Mar/19 16:57:21]
[<<][4f676571ea283941131694][DEFAULT][/lib/execute/execNavigator.php][12/Mar/19 16:57:21][12/Mar/19 16:57:22][took 0.174426 secs]
[<<][4f676571e3503719187622][DEFAULT][/lib/general/staticPage.php][12/Mar/19 16:57:21][12/Mar/19 16:57:22][took 0.238276 secs]
[>>][4f6765722972d275838860][DEFAULT][/lib/general/staticPage.php][12/Mar/19 16:57:22]
[<<][4f6765722972d275838860][DEFAULT][/lib/general/staticPage.php][12/Mar/19 16:57:22][12/Mar/19 16:57:22][took 0.02315 secs]
[<<][4f6765844cdfc554372449][DEFAULT][/lib/execute/execSetResults.php][12/Mar/19 16:57:40][12/Mar/19 16:57:40][took 0.021555 secs]
[>>][4f676584524de936277690][DEFAULT][/lib/execute/execSetResults.php][12/Mar/19 16:57:40]
[<<][4f676584524de936277690][DEFAULT][/lib/execute/execSetResults.php][12/Mar/19 16:57:40][12/Mar/19 16:57:40][took 0.256471 secs]
[<<][4f676625374f1525478068][DEFAULT][/lib/execute/execSetResults.php][12/Mar/19 17:00:21][12/Mar/19 17:00:21][took 0.151654 secs]
[>>][4f6766255c7d7829647367][DEFAULT][/lib/execute/execSetResults.php][12/Mar/19 17:00:21]
[<<][4f6766255c7d7829647367][DEFAULT][/lib/execute/execSetResults.php][12/Mar/19 17:00:21][12/Mar/19 17:00:21][took 0.305856 secs]
[<<][4f67663e4845e920888212][DEFAULT][/lib/usermanagement/usersView.php][12/Mar/19 17:00:46][12/Mar/19 17:00:46][took 0.093721 secs]
[>>][4f67663e5f42e392373002][DEFAULT][/lib/usermanagement/usersView.php][12/Mar/19 17:00:46]
[<<][4f67663e5f42e392373002][DEFAULT][/lib/usermanagement/usersView.php][12/Mar/19 17:00:46][12/Mar/19 17:00:46][took 0.031129 secs]
[<<][4f6766478f7a3351755660][DEFAULT][/lib/usermanagement/usersAssign.php][12/Mar/19 17:00:55][12/Mar/19 17:00:55][took 0.02042 secs]
[>>][4f67664794924199340062][DEFAULT][/lib/usermanagement/usersAssign.php][12/Mar/19 17:00:55]
[<<][4f67664794924199340062][DEFAULT][/lib/usermanagement/usersAssign.php][12/Mar/19 17:00:55][12/Mar/19 17:00:55][took 0.113644 secs]
[<<][4f67664c6edae644815487][DEFAULT][/lib/usermanagement/rolesView.php][12/Mar/19 17:01:00][12/Mar/19 17:01:00][took 0.081207 secs]
[>>][4f67664c82ca0482302684][DEFAULT][/lib/usermanagement/rolesView.php][12/Mar/19 17:01:00]
[<<][4f67664c82ca0482302684][DEFAULT][/lib/usermanagement/rolesView.php][12/Mar/19 17:01:00][12/Mar/19 17:01:00][took 0.050323 secs]
[<<][4f6766c20042b735987168][DEFAULT][/index.php][12/Mar/19 17:02:57][12/Mar/19 17:02:58][took 0.013319 secs]
[<<][4f6766c26cc31912033516][DEFAULT][/lib/general/navBar.php][12/Mar/19 17:02:58][12/Mar/19 17:02:58][took 0.092433 secs]
[>>][4f6766c283718427666063][DEFAULT][/lib/general/navBar.php][12/Mar/19 17:02:58]
[<<][4f6766c283718427666063][DEFAULT][/lib/general/navBar.php][12/Mar/19 17:02:58][12/Mar/19 17:02:58][took 0.019142 secs]
[<<][4f6766c26fabb137485423][DEFAULT][/lib/general/mainPage.php][12/Mar/19 17:02:58][12/Mar/19 17:02:58][took 0.111773 secs]
[>>][4f6766c28b125211478651][DEFAULT][/lib/general/mainPage.php][12/Mar/19 17:02:58]
[<<][4f6766c28b125211478651][DEFAULT][/lib/general/mainPage.php][12/Mar/19 17:02:58][12/Mar/19 17:02:58][took 0.027956 secs]
	[12/Mar/20 07:09:42][AUDIT][665g3h2hkd16ism0ppgudff4b1][GUI]
		Login for 'devasis' from '122.160.150.82' succeeded
[<<][4f682d36751e1457564498][DEFAULT][/login.php][12/Mar/20 07:09:42][12/Mar/20 07:09:42][took 0.01331 secs]
[<<][4f682d36e4a30367520639][DEFAULT][/index.php][12/Mar/20 07:09:42][12/Mar/20 07:09:42][took 0.01468 secs]
[<<][4f682d375bfff720661566][DEFAULT][/lib/general/mainPage.php][12/Mar/20 07:09:43][12/Mar/20 07:09:43][took 0.038228 secs]
[>>][4f682d3765736942085513][DEFAULT][/lib/general/mainPage.php][12/Mar/20 07:09:43]
[<<][4f682d3765736942085513][DEFAULT][/lib/general/mainPage.php][12/Mar/20 07:09:43][12/Mar/20 07:09:43][took 0.033596 secs]
[<<][4f682d375e06a013379033][DEFAULT][/lib/general/navBar.php][12/Mar/20 07:09:43][12/Mar/20 07:09:43][took 0.080342 secs]
[>>][4f682d3771c06107806099][DEFAULT][/lib/general/navBar.php][12/Mar/20 07:09:43]
[<<][4f682d3771c06107806099][DEFAULT][/lib/general/navBar.php][12/Mar/20 07:09:43][12/Mar/20 07:09:43][took 0.097765 secs]
[<<][4f682f761e787623998520][DEFAULT][/lib/project/projectView.php][12/Mar/20 07:19:18][12/Mar/20 07:19:18][took 0.149319 secs]
[>>][4f682f76430d6823948617][DEFAULT][/lib/project/projectView.php][12/Mar/20 07:19:18]
[<<][4f682f76430d6823948617][DEFAULT][/lib/project/projectView.php][12/Mar/20 07:19:18][12/Mar/20 07:19:18][took 0.057172 secs]
[<<][4f682ff239059660974052][DEFAULT][/index.php][12/Mar/20 07:21:22][12/Mar/20 07:21:22][took 0.013762 secs]
[<<][4f682ff2a500b234673807][DEFAULT][/lib/general/navBar.php][12/Mar/20 07:21:22][12/Mar/20 07:21:22][took 0.148498 secs]
[>>][4f682ff2c9616979328426][DEFAULT][/lib/general/navBar.php][12/Mar/20 07:21:22]
[<<][4f682ff2c9616979328426][DEFAULT][/lib/general/navBar.php][12/Mar/20 07:21:22][12/Mar/20 07:21:22][took 0.108695 secs]
[<<][4f682ff31189d839205435][DEFAULT][/lib/general/mainPage.php][12/Mar/20 07:21:23][12/Mar/20 07:21:23][took 0.021548 secs]
[>>][4f682ff316e9c323651535][DEFAULT][/lib/general/mainPage.php][12/Mar/20 07:21:23]
[<<][4f682ff316e9c323651535][DEFAULT][/lib/general/mainPage.php][12/Mar/20 07:21:23][12/Mar/20 07:21:23][took 0.05734 secs]
[<<][4f68300ba6012501333894][DEFAULT][/lib/usermanagement/usersView.php][12/Mar/20 07:21:47][12/Mar/20 07:21:47][took 0.051713 secs]
[>>][4f68300bb2c0a996960665][DEFAULT][/lib/usermanagement/usersView.php][12/Mar/20 07:21:47]
[<<][4f68300bb2c0a996960665][DEFAULT][/lib/usermanagement/usersView.php][12/Mar/20 07:21:47][12/Mar/20 07:21:47][took 0.033321 secs]
[<<][4f68301c28a1b856318883][DEFAULT][/lib/usermanagement/rolesView.php][12/Mar/20 07:22:04][12/Mar/20 07:22:04][took 0.115802 secs]
[>>][4f68301c450bc178510779][DEFAULT][/lib/usermanagement/rolesView.php][12/Mar/20 07:22:04]
[<<][4f68301c450bc178510779][DEFAULT][/lib/usermanagement/rolesView.php][12/Mar/20 07:22:04][12/Mar/20 07:22:04][took 0.02819 secs]
[<<][4f68304fe5b3a002183267][DEFAULT][/index.php][12/Mar/20 07:22:55][12/Mar/20 07:22:55][took 0.01373 secs]
[<<][4f6830505fb5b428650931][DEFAULT][/lib/general/mainPage.php][12/Mar/20 07:22:56][12/Mar/20 07:22:56][took 0.026766 secs]
[>>][4f6830506661d064668106][DEFAULT][/lib/general/mainPage.php][12/Mar/20 07:22:56]
[<<][4f6830506661d064668106][DEFAULT][/lib/general/mainPage.php][12/Mar/20 07:22:56][12/Mar/20 07:22:56][took 0.093324 secs]
[<<][4f6830505d4d2162749936][DEFAULT][/lib/general/navBar.php][12/Mar/20 07:22:56][12/Mar/20 07:22:56][took 0.144697 secs]
[>>][4f68305080be4724219438][DEFAULT][/lib/general/navBar.php][12/Mar/20 07:22:56]
[<<][4f68305080be4724219438][DEFAULT][/lib/general/navBar.php][12/Mar/20 07:22:56][12/Mar/20 07:22:56][took 0.04894 secs]
[<<][4f6830d6a2618286788725][DEFAULT][/lib/general/frmWorkArea.php][12/Mar/20 07:25:10][12/Mar/20 07:25:10][took 0.211562 secs]
[>>][4f6830d6d629c296911200][DEFAULT][/lib/general/frmWorkArea.php][12/Mar/20 07:25:10]
[<<][4f6830d6d629c296911200][DEFAULT][/lib/general/frmWorkArea.php][12/Mar/20 07:25:10][12/Mar/20 07:25:10][took 0.009111 secs]
[<<][4f6830d7468d7362605234][DEFAULT][/lib/testcases/listTestCases.php][12/Mar/20 07:25:11][12/Mar/20 07:25:11][took 0.019629 secs]
[>>][4f6830d74b705176939628][DEFAULT][/lib/testcases/listTestCases.php][12/Mar/20 07:25:11]
[<<][4f6830d74b705176939628][DEFAULT][/lib/testcases/listTestCases.php][12/Mar/20 07:25:11][12/Mar/20 07:25:11][took 0.152813 secs]
[<<][4f6830d79a7e8323603939][DEFAULT][/lib/general/staticPage.php][12/Mar/20 07:25:11][12/Mar/20 07:25:11][took 0.134093 secs]
[>>][4f6830d7bb579711449439][DEFAULT][/lib/general/staticPage.php][12/Mar/20 07:25:11]
[<<][4f6830d7bb579711449439][DEFAULT][/lib/general/staticPage.php][12/Mar/20 07:25:11][12/Mar/20 07:25:11][took 0.039551 secs]
[<<][4f6830d9ae169189382675][DEFAULT][/lib/ajax/gettprojectnodes.php][12/Mar/20 07:25:13][12/Mar/20 07:25:13][took 0.117541 secs]
[>>][4f6830d9cae65015799555][DEFAULT][/lib/ajax/gettprojectnodes.php][12/Mar/20 07:25:13]
[<<][4f6830d9cae65015799555][DEFAULT][/lib/ajax/gettprojectnodes.php][12/Mar/20 07:25:13][12/Mar/20 07:25:13][took 0.116183 secs]
[<<][4f6830f578d0d825145614][DEFAULT][/lib/testcases/archiveData.php][12/Mar/20 07:25:41][12/Mar/20 07:25:41][took 0.023461 secs]
[>>][4f6830f57ea47286655995][DEFAULT][/lib/testcases/archiveData.php][12/Mar/20 07:25:41]
[<<][4f6830f57ea47286655995][DEFAULT][/lib/testcases/archiveData.php][12/Mar/20 07:25:41][12/Mar/20 07:25:41][took 0.039929 secs]
[<<][4f68310a0b70d903714834][DEFAULT][/lib/ajax/gettprojectnodes.php][12/Mar/20 07:26:02][12/Mar/20 07:26:02][took 0.146721 secs]
[>>][4f68310a2f666053229082][DEFAULT][/lib/ajax/gettprojectnodes.php][12/Mar/20 07:26:02]
[<<][4f68310a2f666053229082][DEFAULT][/lib/ajax/gettprojectnodes.php][12/Mar/20 07:26:02][12/Mar/20 07:26:02][took 0.011721 secs]
[<<][4f68310a0e7c6231632145][DEFAULT][/lib/ajax/gettprojectnodes.php][12/Mar/20 07:26:02][12/Mar/20 07:26:02][took 0.159767 secs]
[>>][4f68310a359d7963874359][DEFAULT][/lib/ajax/gettprojectnodes.php][12/Mar/20 07:26:02]
[<<][4f68310a359d7963874359][DEFAULT][/lib/ajax/gettprojectnodes.php][12/Mar/20 07:26:02][12/Mar/20 07:26:02][took 0.010804 secs]
[<<][4f68310a1082d882873306][DEFAULT][/lib/ajax/gettprojectnodes.php][12/Mar/20 07:26:02][12/Mar/20 07:26:02][took 0.174612 secs]
[>>][4f68310a3b444240728007][DEFAULT][/lib/ajax/gettprojectnodes.php][12/Mar/20 07:26:02]
[<<][4f68310a3b444240728007][DEFAULT][/lib/ajax/gettprojectnodes.php][12/Mar/20 07:26:02][12/Mar/20 07:26:02][took 0.011461 secs]
[<<][4f6831c0a633d276878589][DEFAULT][/lib/testcases/listTestCases.php][12/Mar/20 07:29:04][12/Mar/20 07:29:04][took 0.232881 secs]
[>>][4f6831c0df2e3051956218][DEFAULT][/lib/testcases/listTestCases.php][12/Mar/20 07:29:04]
[<<][4f6831c0df2e3051956218][DEFAULT][/lib/testcases/listTestCases.php][12/Mar/20 07:29:04][12/Mar/20 07:29:04][took 0.0747 secs]
[<<][4f6831d3e4fe1192503702][DEFAULT][/lib/testcases/listTestCases.php][12/Mar/20 07:29:23][12/Mar/20 07:29:24][took 0.131215 secs]
[>>][4f6831d411005490951674][DEFAULT][/lib/testcases/listTestCases.php][12/Mar/20 07:29:24]
[<<][4f6831d411005490951674][DEFAULT][/lib/testcases/listTestCases.php][12/Mar/20 07:29:24][12/Mar/20 07:29:24][took 0.207431 secs]
[<<][4f6831d59364e495022406][DEFAULT][/lib/ajax/gettprojectnodes.php][12/Mar/20 07:29:25][12/Mar/20 07:29:25][took 0.024288 secs]
[>>][4f6831d59977c575419459][DEFAULT][/lib/ajax/gettprojectnodes.php][12/Mar/20 07:29:25]
[<<][4f6831d59977c575419459][DEFAULT][/lib/ajax/gettprojectnodes.php][12/Mar/20 07:29:25][12/Mar/20 07:29:25][took 0.075758 secs]
[<<][4f6831d65d04f813525439][DEFAULT][/lib/ajax/gettprojectnodes.php][12/Mar/20 07:29:26][12/Mar/20 07:29:26][took 0.023946 secs]
[>>][4f6831d662fd1725949408][DEFAULT][/lib/ajax/gettprojectnodes.php][12/Mar/20 07:29:26]
[<<][4f6831d662fd1725949408][DEFAULT][/lib/ajax/gettprojectnodes.php][12/Mar/20 07:29:26][12/Mar/20 07:29:26][took 0.039742 secs]
[<<][4f6831d6c3ceb769112121][DEFAULT][/lib/ajax/gettprojectnodes.php][12/Mar/20 07:29:26][12/Mar/20 07:29:26][took 0.064254 secs]
[>>][4f6831d6d39d9344692136][DEFAULT][/lib/ajax/gettprojectnodes.php][12/Mar/20 07:29:26]
[<<][4f6831d6d39d9344692136][DEFAULT][/lib/ajax/gettprojectnodes.php][12/Mar/20 07:29:26][12/Mar/20 07:29:26][took 0.010954 secs]
[<<][4f6831d6cbf14797062394][DEFAULT][/lib/ajax/gettprojectnodes.php][12/Mar/20 07:29:26][12/Mar/20 07:29:26][took 0.056578 secs]
[>>][4f6831d6d9dbd173688837][DEFAULT][/lib/ajax/gettprojectnodes.php][12/Mar/20 07:29:26]
[<<][4f6831d6d9dbd173688837][DEFAULT][/lib/ajax/gettprojectnodes.php][12/Mar/20 07:29:26][12/Mar/20 07:29:26][took 0.009923 secs]
[<<][4f6831dc12958741089123][DEFAULT][/lib/testcases/archiveData.php][12/Mar/20 07:29:32][12/Mar/20 07:29:32][took 0.023993 secs]
[>>][4f6831dc188ce545646544][DEFAULT][/lib/testcases/archiveData.php][12/Mar/20 07:29:32]
[<<][4f6831dc188ce545646544][DEFAULT][/lib/testcases/archiveData.php][12/Mar/20 07:29:32][12/Mar/20 07:29:32][took 0.103874 secs]
[<<][4f6831edd5363705825616][DEFAULT][/lib/testcases/listTestCases.php][12/Mar/20 07:29:49][12/Mar/20 07:29:49][took 0.079266 secs]
[>>][4f6831ede8ad3195166036][DEFAULT][/lib/testcases/listTestCases.php][12/Mar/20 07:29:49]
[<<][4f6831ede8ad3195166036][DEFAULT][/lib/testcases/listTestCases.php][12/Mar/20 07:29:49][12/Mar/20 07:29:49][took 0.029311 secs]
[<<][4f6831ef37b11704290857][DEFAULT][/lib/ajax/gettprojectnodes.php][12/Mar/20 07:29:51][12/Mar/20 07:29:51][took 0.020236 secs]
[>>][4f6831ef3cbcf792190806][DEFAULT][/lib/ajax/gettprojectnodes.php][12/Mar/20 07:29:51]
[<<][4f6831ef3cbcf792190806][DEFAULT][/lib/ajax/gettprojectnodes.php][12/Mar/20 07:29:51][12/Mar/20 07:29:51][took 0.014166 secs]
[<<][4f6831efebc3f419260696][DEFAULT][/lib/ajax/gettprojectnodes.php][12/Mar/20 07:29:51][12/Mar/20 07:29:52][took 0.042595 secs]
[>>][4f6831f00224c437014845][DEFAULT][/lib/ajax/gettprojectnodes.php][12/Mar/20 07:29:52]
[<<][4f6831f00224c437014845][DEFAULT][/lib/ajax/gettprojectnodes.php][12/Mar/20 07:29:52][12/Mar/20 07:29:52][took 0.00931 secs]
[<<][4f6831f00893e251674173][DEFAULT][/lib/ajax/gettprojectnodes.php][12/Mar/20 07:29:52][12/Mar/20 07:29:52][took 0.03108 secs]
[>>][4f6831f010451999096084][DEFAULT][/lib/ajax/gettprojectnodes.php][12/Mar/20 07:29:52]
[<<][4f6831f010451999096084][DEFAULT][/lib/ajax/gettprojectnodes.php][12/Mar/20 07:29:52][12/Mar/20 07:29:52][took 0.010469 secs]
[<<][4f6831f00cfeb323253576][DEFAULT][/lib/ajax/gettprojectnodes.php][12/Mar/20 07:29:52][12/Mar/20 07:29:52][took 0.096767 secs]
[>>][4f6831f024ba4152774586][DEFAULT][/lib/ajax/gettprojectnodes.php][12/Mar/20 07:29:52]
[<<][4f6831f024ba4152774586][DEFAULT][/lib/ajax/gettprojectnodes.php][12/Mar/20 07:29:52][12/Mar/20 07:29:52][took 0.010045 secs]
[<<][4f6831f801875892417439][DEFAULT][/lib/testcases/archiveData.php][12/Mar/20 07:30:00][12/Mar/20 07:30:00][took 0.020196 secs]
[>>][4f6831f8068eb146579054][DEFAULT][/lib/testcases/archiveData.php][12/Mar/20 07:30:00]
[<<][4f6831f8068eb146579054][DEFAULT][/lib/testcases/archiveData.php][12/Mar/20 07:30:00][12/Mar/20 07:30:00][took 0.175062 secs]
[<<][4f683228cae98181356234][DEFAULT][/lib/testcases/tcAssign2Tplan.php][12/Mar/20 07:30:48][12/Mar/20 07:30:48][took 0.154739 secs]
[>>][4f683228f0cdd336796249][DEFAULT][/lib/testcases/tcAssign2Tplan.php][12/Mar/20 07:30:48]
[<<][4f683228f0cdd336796249][DEFAULT][/lib/testcases/tcAssign2Tplan.php][12/Mar/20 07:30:48][12/Mar/20 07:30:49][took 0.042385 secs]
[<<][4f683233832f6046663458][DEFAULT][/lib/testcases/archiveData.php][12/Mar/20 07:30:59][12/Mar/20 07:30:59][took 0.020582 secs]
[>>][4f68323388527800713295][DEFAULT][/lib/testcases/archiveData.php][12/Mar/20 07:30:59]
[<<][4f68323388527800713295][DEFAULT][/lib/testcases/archiveData.php][12/Mar/20 07:30:59][12/Mar/20 07:30:59][took 0.051423 secs]
[<<][4f68323c83149632392420][DEFAULT][/lib/testcases/containerEdit.php][12/Mar/20 07:31:08][12/Mar/20 07:31:08][took 0.021623 secs]
[>>][4f68323c88775948085793][DEFAULT][/lib/testcases/containerEdit.php][12/Mar/20 07:31:08]
[<<][4f68323c88775948085793][DEFAULT][/lib/testcases/containerEdit.php][12/Mar/20 07:31:08][12/Mar/20 07:31:08][took 0.130078 secs]
