	[12/Sep/4 07:16:41][AUDIT][g8bt0t9mgubps39ofnhp94bgb5][GUI]
		Login for 'akumar' from '122.160.150.82' succeeded
[<<][5045aad92e5b8442585896][DEFAULT][/login.php][12/Sep/4 07:16:41][12/Sep/4 07:16:41][took 0.008708 secs]
[<<][5045aad98274b618759987][DEFAULT][/index.php][12/Sep/4 07:16:41][12/Sep/4 07:16:41][took 0.0267 secs]
[<<][5045aad9d5184648333399][DEFAULT][/lib/general/mainPage.php][12/Sep/4 07:16:41][12/Sep/4 07:16:41][took 0.060582 secs]
[>>][5045aad9e3f65092636518][DEFAULT][/lib/general/mainPage.php][12/Sep/4 07:16:41]
[<<][5045aad9e3f65092636518][DEFAULT][/lib/general/mainPage.php][12/Sep/4 07:16:41][12/Sep/4 07:16:41][took 0.046181 secs]
[<<][5045aad9e2a65372569506][DEFAULT][/lib/general/navBar.php][12/Sep/4 07:16:41][12/Sep/4 07:16:42][took 0.080509 secs]
[>>][5045aada023c2485386331][DEFAULT][/lib/general/navBar.php][12/Sep/4 07:16:42]
[<<][5045aada023c2485386331][DEFAULT][/lib/general/navBar.php][12/Sep/4 07:16:42][12/Sep/4 07:16:42][took 0.024962 secs]
[<<][5045aae2a383f190055869][DEFAULT][/lib/project/projectView.php][12/Sep/4 07:16:50][12/Sep/4 07:16:50][took 0.058032 secs]
[>>][5045aae2b1c44603056498][DEFAULT][/lib/project/projectView.php][12/Sep/4 07:16:50]
[<<][5045aae2b1c44603056498][DEFAULT][/lib/project/projectView.php][12/Sep/4 07:16:50][12/Sep/4 07:16:50][took 0.011623 secs]
[<<][5045aae6749bd114187676][DEFAULT][/lib/general/frmWorkArea.php][12/Sep/4 07:16:54][12/Sep/4 07:16:54][took 0.059001 secs]
[>>][5045aae68316a224708522][DEFAULT][/lib/general/frmWorkArea.php][12/Sep/4 07:16:54]
[<<][5045aae68316a224708522][DEFAULT][/lib/general/frmWorkArea.php][12/Sep/4 07:16:54][12/Sep/4 07:16:54][took 0.006853 secs]
[<<][5045aae6d9f88022259796][DEFAULT][/lib/testcases/listTestCases.php][12/Sep/4 07:16:54][12/Sep/4 07:16:54][took 0.086954 secs]
[>>][5045aae6ef46c814670851][DEFAULT][/lib/testcases/listTestCases.php][12/Sep/4 07:16:54]
[<<][5045aae6ef46c814670851][DEFAULT][/lib/testcases/listTestCases.php][12/Sep/4 07:16:54][12/Sep/4 07:16:55][took 0.107799 secs]
[<<][5045aae6db410692746804][DEFAULT][/lib/general/staticPage.php][12/Sep/4 07:16:54][12/Sep/4 07:16:55][took 0.222636 secs]
[>>][5045aae71d8b8520928368][DEFAULT][/lib/general/staticPage.php][12/Sep/4 07:16:55]
[<<][5045aae71d8b8520928368][DEFAULT][/lib/general/staticPage.php][12/Sep/4 07:16:55][12/Sep/4 07:16:55][took 0.008255 secs]
[<<][5045aae85901e958967927][DEFAULT][/lib/ajax/gettprojectnodes.php][12/Sep/4 07:16:56][12/Sep/4 07:16:56][took 0.065029 secs]
[>>][5045aae868f50531403335][DEFAULT][/lib/ajax/gettprojectnodes.php][12/Sep/4 07:16:56]
[<<][5045aae868f50531403335][DEFAULT][/lib/ajax/gettprojectnodes.php][12/Sep/4 07:16:56][12/Sep/4 07:16:56][took 0.008807 secs]
[<<][5045aaebc42c0537516891][DEFAULT][/lib/testcases/archiveData.php][12/Sep/4 07:16:59][12/Sep/4 07:16:59][took 0.050829 secs]
[>>][5045aaebd0ab2060235379][DEFAULT][/lib/testcases/archiveData.php][12/Sep/4 07:16:59]
[<<][5045aaebd0ab2060235379][DEFAULT][/lib/testcases/archiveData.php][12/Sep/4 07:16:59][12/Sep/4 07:16:59][took 0.047776 secs]
[<<][5045abe9c4a30657264070][DEFAULT][/logout.php][12/Sep/4 07:21:13][12/Sep/4 07:21:13][took 0.042812 secs]
[>>][5045abe9cf2aa378373404][DEFAULT][/logout.php][12/Sep/4 07:21:13]
	[12/Sep/4 07:21:13][AUDIT][g8bt0t9mgubps39ofnhp94bgb5][GUI]
		Logout of 'akumar'
